Downloading https://github.com/ultralytics/assets/releases/download/v8.3.0/yolov8x.pt to 'yolov8x.pt'...
New https://pypi.org/project/ultralytics/8.3.35 available 😃 Update with 'pip install -U ultralytics'
Ultralytics 8.3.34 🚀 Python-3.10.13 torch-2.5.0+cu124 CUDA:0 (NVIDIA A100 80GB PCIe MIG 1g.10gb, 9728MiB)
[34m[1mengine/trainer: [0mtask=detect, mode=train, model=yolov8x.pt, data=/zhome/c7/f/213256/pfas/data_split.yaml, epochs=50, time=None, patience=100, batch=4, imgsz=640, save=True, save_period=-1, cache=False, device=None, workers=8, project=None, name=train, exist_ok=False, pretrained=True, optimizer=auto, verbose=True, seed=0, deterministic=True, single_cls=False, rect=False, cos_lr=False, close_mosaic=10, resume=False, amp=True, fraction=1, profile=False, freeze=None, multi_scale=False, overlap_mask=True, mask_ratio=4, dropout=0.0, val=True, split=val, save_json=False, save_hybrid=False, conf=None, iou=0.7, max_det=300, half=False, dnn=False, plots=True, source=None, vid_stride=1, stream_buffer=False, visualize=False, augment=False, agnostic_nms=False, classes=None, retina_masks=False, embed=None, show=False, save_frames=False, save_txt=False, save_conf=False, save_crop=False, show_labels=True, show_conf=True, show_boxes=True, line_width=None, format=torchscript, keras=False, optimize=False, int8=False, dynamic=False, simplify=True, opset=None, workspace=4, nms=False, lr0=0.01, lrf=0.01, momentum=0.937, weight_decay=0.0005, warmup_epochs=3.0, warmup_momentum=0.8, warmup_bias_lr=0.1, box=7.5, cls=0.5, dfl=1.5, pose=12.0, kobj=1.0, label_smoothing=0.0, nbs=64, hsv_h=0.015, hsv_s=0.7, hsv_v=0.4, degrees=0.0, translate=0.1, scale=0.5, shear=0.0, perspective=0.0, flipud=0.0, fliplr=0.5, bgr=0.0, mosaic=1.0, mixup=0.0, copy_paste=0.0, copy_paste_mode=flip, auto_augment=randaugment, erasing=0.4, crop_fraction=1.0, cfg=None, tracker=botsort.yaml, save_dir=runs/detect/train
Overriding model.yaml nc=80 with nc=3

                   from  n    params  module                                       arguments                     
  0                  -1  1      2320  ultralytics.nn.modules.conv.Conv             [3, 80, 3, 2]                 
  1                  -1  1    115520  ultralytics.nn.modules.conv.Conv             [80, 160, 3, 2]               
  2                  -1  3    436800  ultralytics.nn.modules.block.C2f             [160, 160, 3, True]           
  3                  -1  1    461440  ultralytics.nn.modules.conv.Conv             [160, 320, 3, 2]              
  4                  -1  6   3281920  ultralytics.nn.modules.block.C2f             [320, 320, 6, True]           
  5                  -1  1   1844480  ultralytics.nn.modules.conv.Conv             [320, 640, 3, 2]              
  6                  -1  6  13117440  ultralytics.nn.modules.block.C2f             [640, 640, 6, True]           
  7                  -1  1   3687680  ultralytics.nn.modules.conv.Conv             [640, 640, 3, 2]              
  8                  -1  3   6969600  ultralytics.nn.modules.block.C2f             [640, 640, 3, True]           
  9                  -1  1   1025920  ultralytics.nn.modules.block.SPPF            [640, 640, 5]                 
 10                  -1  1         0  torch.nn.modules.upsampling.Upsample         [None, 2, 'nearest']          
 11             [-1, 6]  1         0  ultralytics.nn.modules.conv.Concat           [1]                           
 12                  -1  3   7379200  ultralytics.nn.modules.block.C2f             [1280, 640, 3]                
 13                  -1  1         0  torch.nn.modules.upsampling.Upsample         [None, 2, 'nearest']          
 14             [-1, 4]  1         0  ultralytics.nn.modules.conv.Concat           [1]                           
 15                  -1  3   1948800  ultralytics.nn.modules.block.C2f             [960, 320, 3]                 
 16                  -1  1    922240  ultralytics.nn.modules.conv.Conv             [320, 320, 3, 2]              
 17            [-1, 12]  1         0  ultralytics.nn.modules.conv.Concat           [1]                           
 18                  -1  3   7174400  ultralytics.nn.modules.block.C2f             [960, 640, 3]                 
 19                  -1  1   3687680  ultralytics.nn.modules.conv.Conv             [640, 640, 3, 2]              
 20             [-1, 9]  1         0  ultralytics.nn.modules.conv.Concat           [1]                           
 21                  -1  3   7379200  ultralytics.nn.modules.block.C2f             [1280, 640, 3]                
 22        [15, 18, 21]  1   8720857  ultralytics.nn.modules.head.Detect           [3, [320, 640, 640]]          
Model summary: 365 layers, 68,155,497 parameters, 68,155,481 gradients, 258.1 GFLOPs

Transferred 589/595 items from pretrained weights
Freezing layer 'model.22.dfl.conv.weight'
[34m[1mAMP: [0mrunning Automatic Mixed Precision (AMP) checks...
Downloading https://github.com/ultralytics/assets/releases/download/v8.3.0/yolo11n.pt to 'yolo11n.pt'...
[34m[1mAMP: [0mchecks passed ✅
Plotting labels to runs/detect/train/labels.jpg... 
[34m[1moptimizer:[0m 'optimizer=auto' found, ignoring 'lr0=0.01' and 'momentum=0.937' and determining best 'optimizer', 'lr0' and 'momentum' automatically... 
[34m[1moptimizer:[0m SGD(lr=0.01, momentum=0.9) with parameter groups 97 weight(decay=0.0), 104 weight(decay=0.0005), 103 bias(decay=0.0)
Image sizes 640 train, 640 val
Using 8 dataloader workers
Logging results to [1mruns/detect/train[0m
Starting training for 50 epochs...

      Epoch    GPU_mem   box_loss   cls_loss   dfl_loss  Instances       Size
                   all        354        883       0.25      0.265      0.225     0.0872

      Epoch    GPU_mem   box_loss   cls_loss   dfl_loss  Instances       Size
                   all        354        883      0.212      0.263      0.195     0.0689

      Epoch    GPU_mem   box_loss   cls_loss   dfl_loss  Instances       Size
                   all        354        883      0.235      0.236      0.209     0.0736

      Epoch    GPU_mem   box_loss   cls_loss   dfl_loss  Instances       Size
                   all        354        883      0.228      0.241      0.208     0.0785

      Epoch    GPU_mem   box_loss   cls_loss   dfl_loss  Instances       Size
                   all        354        883      0.221      0.256      0.203     0.0774

      Epoch    GPU_mem   box_loss   cls_loss   dfl_loss  Instances       Size
                   all        354        883      0.225      0.253      0.201     0.0712

      Epoch    GPU_mem   box_loss   cls_loss   dfl_loss  Instances       Size
                   all        354        883      0.246       0.25      0.215     0.0785

      Epoch    GPU_mem   box_loss   cls_loss   dfl_loss  Instances       Size

------------------------------------------------------------
Sender: LSF System <lsfadmin@hpc.dtu.dk>
Subject: Job 23241124: <yolo_model_with_log> in cluster <dcc> Exited

Job <yolo_model_with_log> was submitted from host <hpclogin1> by user <s242672> in cluster <dcc> at Thu Nov 21 22:32:33 2024
Job was executed on host(s) <4*n-62-18-8>, in queue <c02516>, as user <s242672> in cluster <dcc> at Thu Nov 21 22:32:35 2024
</zhome/c7/f/213256> was used as the home directory.
</zhome/c7/f/213256/pfas/job2> was used as the working directory.
Started at Thu Nov 21 22:32:35 2024
Terminated at Fri Nov 22 10:32:15 2024
Results reported at Fri Nov 22 10:32:15 2024

Your job looked like:

------------------------------------------------------------
# LSBATCH: User input
#!/bin/sh

### -------------specify queue name ----------------
#BSUB -q c02516

### -------------specify GPU request----------------
#BSUB -gpu "num=1:mode=exclusive_process"

### -------------specify job name ----------------
#BSUB -J yolo_model_with_log

### -------------specify number of cores ----------------
#BSUB -n 4
#BSUB -R "span[hosts=1]"

### -------------specify CPU memory requirements ----------------
#BSUB -R "rusage[mem=20GB]"

### -------------specify wall-clock time (max allowed is 12:00)----------------
#BSUB -W 12:00
#BSUB -o OUTPUT_FILE%J.out
#BSUB -e OUTPUT_FILE%J.err

# Activate the virtual environment
source ~/myenvs/myenv/bin/activate

# Run the training script
python3 /zhome/c7/f/213256/pfas/job2/yolo_model_with_log.py














------------------------------------------------------------

TERM_RUNLIMIT: job killed after reaching LSF run time limit.
Exited with exit code 140.

Resource usage summary:

    CPU time :                                   52690.00 sec.
    Max Memory :                                 4691 MB
    Average Memory :                             4325.36 MB
    Total Requested Memory :                     81920.00 MB
    Delta Memory :                               77229.00 MB
    Max Swap :                                   -
    Max Processes :                              28
    Max Threads :                                107
    Run time :                                   43202 sec.
    Turnaround time :                            43182 sec.

The output (if any) is above this job summary.



PS:

Read file <OUTPUT_FILE23241124.err> for stderr output of this job.

